## Создание и оценка индекса 

Для создания индекса использовал одну из таблиц известной базы данных Northwind.
```sql
postgres=# \c nw
You are now connected to database "nw" as user "postgres".
nw=# \dt
                 List of relations
 Schema |          Name          | Type  |  Owner   
--------+------------------------+-------+----------
 public | categories             | table | postgres
 public | customer_customer_demo | table | postgres
 public | customer_demographics  | table | postgres
 public | customers              | table | postgres
 public | employee_territories   | table | postgres
 public | employees              | table | postgres
 public | order_details          | table | postgres
...
```
Смотрю данные:
```sql
nw=# select product_id, count(*) from  order_details
group by product_id
order by count(*) desc limit 5;
 product_id | count 
------------+-------
         59 |    54
         24 |    51
         60 |    51
         31 |    51
         56 |    50
(5 rows)

nw=# select order_id, product_id, unit_price, quantity, discount from  order_details
where product_id = 60 limit 5;
 order_id | product_id | unit_price | quantity | discount 
----------+------------+------------+----------+----------
    10252 |         60 |       27.2 |       40 |        0
    10283 |         60 |       27.2 |       35 |        0
    10284 |         60 |       27.2 |       20 |     0.25
    10294 |         60 |       27.2 |       21 |        0
    10357 |         60 |       27.2 |        8 |      0.2
(5 rows)
```
 
  Для примера возьму поле *product_id*
```sql
nw=# explain        
select order_id, product_id, unit_price, quantity, discount 
from order_details
where product_id = 60;
                           QUERY PLAN                           
----------------------------------------------------------------
 Seq Scan on order_details  (cost=0.00..38.94 rows=51 width=14)
   Filter: (product_id = 60)
(2 rows)

nw=# explain analyze
select order_id, product_id, unit_price, quantity, discount 
from order_details
where product_id = 60;
                                                   QUERY PLAN                                                   
----------------------------------------------------------------------------------------------------------------
 Seq Scan on order_details  (cost=0.00..38.94 rows=51 width=14) (actual time=0.039..0.639 rows=51 loops=1)
   Filter: (product_id = 60)
   Rows Removed by Filter: 2104
 Planning Time: 0.212 ms
 Execution Time: 0.684 ms
(5 rows)
```
Оценил сначало план запроса без индекса

В отличаи от EXPLAIN,   EXPLAIN ANALYZE не только показывает план, но и фактически выполняет запрос, предоставляя реальные данные о времени выполнения и количестве обработанных строк.
**Получил следующие результаты:**
- Используется последовательное сканирование (Seq Scan) таблицы order_details, так как нет индекса по product_id.
Это значит будет проверена каждая строчка таблицы на соответствие условию.
**0.00..38.94**: Это оценка стоимости выполнения запроса
**Фильтрация:** Применяется фильтр product_id = 60 ко всем строкам таблицы.
Количество строк, которые были отфильтрованы и не соответствуют условию `product_id = 60`. В данном случае, из 2104 строк, которые были проверены, только 51 строка удовлетворяет условию. (всего строк таблицы 2155)
**0.212** msч время, затраченное на планирование выполнения запроса.
**Время выполнения: 0.684 мс**

```sql
nw=# create index idx_order_details_product_id on order_details(product_id);
CREATE INDEX

nw=# analyze order_details;
analyze
```
Создал индекс, назвал его "idx_order_details_product_id" на таблицу order_details по полю product_id.
И очистил кэш планировщика, это важно, для независимого результата, когда планировщик выполняется друг за другом.

```sql
nw=# explain analyze
select order_id, product_id, unit_price, quantity, discount 
from order_details
where product_id = 60;
-------- 
 Bitmap Heap Scan on order_details  (cost=4.68..17.31 rows=51 width=14) (actual time=0.103..0.161 rows=51 loops=1)
   Recheck Cond: (product_id = 60)
   Heap Blocks: exact=12
   ->  Bitmap Index Scan on idx_order_details_product_id  (cost=0.00..4.66 rows=51 width=0) (actual time=0.080..0.080 rows=51 loops=1)
         Index Cond: (product_id = 60)
 Planning Time: 0.336 ms
 Execution Time: 0.212 ms
(7 rows)

```
Получил результат планировщика с использованием индекса,
Читаю снизу вверх:
- **Bitmap Index Scan** - сначало прочитывается информация по индексу  для создания битовой карты, т.е по сути какие страницы  удовлетворяют нашему условию.
- **Recheck Cond: (product_id = 60)** Условие, которое перепроверяется для каждой строки, найденной по битовой карте. 
- **Bitmap Heap Scan**:  и заключительный скан уже по таблице с использованием битовой карты.

Т.е  сначала создается актуальная битовая карта расположения нужных строк, чтобы последовательно прочитать дисковые страницы, а затем извлекает эти строки из таблицы.

- cost=4.68..17.31: Оценка стоимости  - 4.68 для получения первой строки, 17.31 для получения всех строк.
- rows=51: Планировщик ожидает найти 51 строку.
- width=14: Средний размер строки - 14 байт.
- actual time=0.103..0.161: Фактическое время выполнения - 0.103 мс до первой строки, 0.161 мс для всех строк.
- rows=51: Фактически найдена 51 строка.
- loops=1: Операция выполнена один раз.
Heap Blocks: exact=12
- Количество блоков данных (страниц), которые были прочитаны из таблицы - 12 блоков.
- exact означает, что все блоки были точно определены битовой картой.

Planning Time: 0.336 ms - Время, затраченное на создание плана запроса - 0.336 мс.
Execution Time: 0.212 ms -  **время выполнения запроса - 0.212 мс.**

Таблица довольно не большая, тем не менее, был предпочтен скан по индексу, 
В **итоге** при использовании индекса получаем, что сначала выполняется Bitmap Index Scan для создания битовой карты нужных строк, затем Bitmap Heap Scan для извлечения этих строк из таблицы. Общее время выполнения составило 0.212 мс, что быстрее, чем при последовательном сканировании.


## Создание индекса на несколько полей
Продолжаю эксперементировать с этой же таблицей, 
```sql
drop index idx_order_details_product_id;
```
Удалил существующий индекс.

Допустим я собираюсь часто выполнять подобные запросы, фильтруя по полям unit_price  и discount
```sql
nw=# select order_id, product_id, unit_price, quantity, discount from order_details 
where unit_price > 90 and discount > 0.1;
 order_id | product_id | unit_price | quantity | discount 
----------+------------+------------+----------+----------
    10305 |         29 |         99 |       25 |      0.1
    10353 |         38 |      210.8 |       50 |      0.2
    10372 |         38 |      210.8 |       40 |     0.25
    10424 |         38 |      210.8 |       49 |      0.2
    10440 |         29 |         99 |       24 |     0.15
    10465 |         29 |         99 |       18 |      0.1
    10515 |          9 |         97 |       16 |     0.15
    10541 |         38 |      263.5 |        4 |      0.1
    10672 |         38 |      263.5 |       15 |      0.1
    10687 |          9 |         97 |       50 |     0.25
    10801 |         29 |     123.79 |       20 |     0.25
    10857 |         29 |     123.79 |       10 |     0.25
    10912 |         29 |     123.79 |       60 |     0.25
    10993 |         29 |     123.79 |       50 |     0.25
    11006 |         29 |     123.79 |        2 |     0.25
    11030 |         29 |     123.79 |       60 |     0.25
(16 rows)
```

```sql
nw=# create index idx_order_details_price_discount ON order_details (unit_price, discount);
CREATE INDEX
```
Создал составной индекс по полям unit_price  и discount

```sql
nw=# explain analyze select order_id, product_id, unit_price, quantity, discount from order_details 
where unit_price > 90 and discount > 0.1;

QUERY PLAN                                                                 
-------------------------------------------------------------------------------------------------------------------------------------------
 Bitmap Heap Scan on order_details  (cost=4.87..17.55 rows=18 width=14) (actual time=0.029..0.055 rows=16 loops=1)
   Recheck Cond: ((unit_price > '90'::double precision) AND (discount > '0.1'::double precision))
   Heap Blocks: exact=10
   ->  Bitmap Index Scan on idx_order_details_price_discount  (cost=0.00..4.87 rows=18 width=0) (actual time=0.017..0.017 rows=16 loops=1)
         Index Cond: ((unit_price > '90'::double precision) AND (discount > '0.1'::double precision))
 Planning Time: 0.218 ms
 Execution Time: 0.088 ms
(7 rows)
```
Выполнил анализ запроса при условии  unit_price > 90 and discount > 0.1,
Вижу что анализатор использует индекс.
Результат довольно хороший 
Planning Time: 0.218 ms     на планирование
 Execution Time: 0.088 ms  на выполнение.

Сравню его с испоьзованием 2ух независимых индексов
```sql
nw=# drop index idx_order_details_price_discount;
DROP INDEX
```
Дропнул существующий индекс.
```sql
nw=# create index idx_order_details_unit_price ON order_details (unit_price);
CREATE INDEX
nw=# create index idx_order_details_discount ON order_details (discount);
CREATE INDEX
nw=# analyze order_details;
ANALYZE
```
Создал 2 независимых на поля unit_price и discount, сбросил кэш
Выполняю повторный анализ:
```sql
nw=# explain analyze select order_id, product_id, unit_price, quantity, discount from order_details 
where unit_price > 90 and discount > 0.1;
 
															  QUERY PLAN                                                               
---------------------------------------------------------------------------------------------------------------------------------------
 Bitmap Heap Scan on order_details  (cost=4.73..17.61 rows=18 width=14) (actual time=0.034..0.080 rows=16 loops=1)
   Recheck Cond: (unit_price > '90'::double precision)
   Filter: (discount > '0.1'::double precision)
   Rows Removed by Filter: 44
   Heap Blocks: exact=11
   ->  Bitmap Index Scan on idx_order_details_unit_price  (cost=0.00..4.72 rows=59 width=0) (actual time=0.016..0.017 rows=60 loops=1)
         Index Cond: (unit_price > '90'::double precision)
 Planning Time: 0.465 ms
 Execution Time: 0.112 ms
(9 rows)
```
Вижу , что PostgreSQL использует только индекс по `unit_price`, полностью игнорируя индекс по `discount` . Это типичное поведение, когда планировщик выбирает наиболее селективный индекс.
**Процесс выполнения**:
- С составным индексом: сразу находятся только нужные 16 строк
- С отдельными индексами: сначала находятся 60 строк по условию unit_price > 90, затем 44 из них отфильтровываются по условию discount > 0.1

Время планирования тоже уступает составному нидексу. 
 Planning Time: 0.465 ms  (составной давал 0.218 ms)
 Execution Time: 0.112 ms  (составной давал  0.088 ms)

Делаю вывод, если нужно часто использовать именно фильтры по двум полям - лучще использовать составной индекс.


##  Полнотекстовый поиск 
Для анализа полнотекстового поиска создам таблицу с различными видами текстовых полей: 
```sql
hwdb=# CREATE TABLE documents (
    title    varchar(64),
    metadata jsonb,
    contents text
);
CREATE TABLE

hwdb=# INSERT INTO documents
    (title, metadata, contents)
VALUES
    ( 'Document 1',
      '{"author": "John",  "tags": ["legal", "real estate"]}',
 ...
 ...
     ( 'Document 7',
      '{"author": "John",  "tags": ["technology", "innovation"]}',
      'Tech innovations are changing the world.' );
```
Создал таблицу для задания на полнотекстовый поиск, заполнил данными.
Получается 3 текстовых  типа в таблице:
`title` - заголовок документа
`metadata` - метаданные в формате JSONB (автор, теги)
`contents` - содержимое документа

```sql
hwdb=# SELECT * FROM documents WHERE metadata @> '{"author": "John"}';

   title    |                         metadata                         |                  contents                   
------------+----------------------------------------------------------+---------------------------------------------
 Document 1 | {"tags": ["legal", "real estate"], "author": "John"}     | This is a legal document about real estate.
 Document 7 | {"tags": ["technology", "innovation"], "author": "John"} | Tech innovations are changing the world.
(2 rows)
```
Здесь, оператором `@>` проверил, содержит ли JSON-объект указанный подобъект.
Т.о. нашел все документы, созданные автором "John". 

```sql
hwdb=# CREATE INDEX idx_documents_metadata ON documents USING GIN (metadata);
CREATE INDEX
```
Создал Generalized Inverted Index для оптимизации поиска по составным типам данных (JSON). 

Из-за того что таблица небольшая отключу последовательное сканирование, чтоб заставить postgres использоваь индекс.
```sql
hwdb=# SET enable_seqscan = OFF;
```

```sql
hwdb=# EXPLAIN SELECT * FROM documents WHERE metadata @> '{"author": "John"}';
                                      QUERY PLAN                                      
--------------------------------------------------------------------------------------
 Bitmap Heap Scan on documents  (cost=12.00..16.01 rows=1 width=210)
   Recheck Cond: (metadata @> '{"author": "John"}'::jsonb)
   ->  Bitmap Index Scan on idx_documents_metadata  (cost=0.00..12.00 rows=1 width=0)
         Index Cond: (metadata @> '{"author": "John"}'::jsonb)
(4 rows)
```
Изучаю план выполнения запроса.
 *Bitmap Index Scan* - PostgreSQL сначала сканирует индекс, чтобы найти все строки, удовлетворяющие условию metadata @> '{"author": "John"}'. Результатом этого сканирования является битовая карта, где каждый бит соответствует строке в таблице.
*Bitmap Heap Scan* - Затем PostgreSQL использует эту битовую карту для доступа только к тем строкам таблицы, которые соответствуют условию. 
Включение `Recheck Cond` означает что Bitmap Heap Scan перепроверяет условие `metadata @> '{"author": "John"}'` для каждой строки-кандидата, такое происходит при использовании оператора  **@>**
**Итог:**
1. Планировщик оценивает, что запрос вернёт примерно 1 строку (`rows=1`).
2. Стоимость выполнения запроса оценивается в 16.01 условных единиц, что относительно низко.


```sql
hwdb=# SELECT * FROM documents WHERE metadata->'tags' ? 'legal';
   title    |                       metadata                       |                  contents                   
------------+------------------------------------------------------+---------------------------------------------
 Document 1 | {"tags": ["legal", "real estate"], "author": "John"} | This is a legal document about real estate.
 Document 2 | {"tags": ["finance", "legal"], "author": "Jane"}     | Financial statements should be verified.
 Document 5 | {"tags": ["legal", "contracts"], "author": "Bob"}    | Contracts are binding legal documents.
 Document 6 | {"tags": ["legal", "family law"], "author": "Eve"}   | Family law addresses diverse issues.
(4 rows)
```
Забываю что у меня выключен seqscan, этот запрос выполнялся секунуд.  Оператор `?` проверяет, содержит ли JSON-массив указанное значение. ".

Смотрю план запроса при включенном и отключенном seqscan
```sql
hwdb=# SET enable_seqscan = ON;
SET
hwdb=# EXPLAIN SELECT * FROM documents WHERE metadata->'tags' ? 'legal';
                        QUERY PLAN                         
-----------------------------------------------------------
 Seq Scan on documents  (cost=0.00..1.10 rows=1 width=116)
   Filter: ((metadata -> 'tags'::text) ? 'legal'::text)
(2 rows)

hwdb=# SET enable_seqscan = OFF;
SET
hwdb=# EXPLAIN SELECT * FROM documents WHERE metadata->'tags' ? 'legal';
                                  QUERY PLAN                                   
-------------------------------------------------------------------------------
 Seq Scan on documents  (cost=10000000000.00..10000000001.10 rows=1 width=116)
   Filter: ((metadata -> 'tags'::text) ? 'legal'::text)
 JIT:
   Functions: 2
   Options: Inlining true, Optimization true, Expressions true, Deforming true
(5 rows)
```
вижу что в обоих случаях выполняется последовательное сканирование, но ввиду отсутсвия подходящего индекса
PostgreSQL не полностью запрещает  использование seqscan, а делает его дорогим с точки зрения оценки стоимости.


```sql
hwdb=# CREATE INDEX idx_documents_metadata_tags ON documents USING gin((metadata->'tags'));
CREATE INDEX
```
Добавил индекс для тегов

```sql
hwdb=# SET enable_seqscan = OFF;
SET
hwdb=# ANALYZE documents;
ANALYZE
hwdb=# EXPLAIN SELECT * FROM documents WHERE metadata->'tags' ? 'legal';
                                        QUERY PLAN                                        
------------------------------------------------------------------------------------------
 Bitmap Heap Scan on documents  (cost=8.00..12.02 rows=1 width=116)
   Recheck Cond: ((metadata -> 'tags'::text) ? 'legal'::text)
   ->  Bitmap Index Scan on idx_documents_metadata_tags  (cost=0.00..8.00 rows=1 width=0)
         Index Cond: ((metadata -> 'tags'::text) ? 'legal'::text)
(4 rows)
```
План показывает, что стоимость использования индекса (cost=8.00..12.02)  выше, чем стоимость последовательного сканирования (cost=0.00..1.10), предполагаю, что это напрямую связано с размером таблицы.

###### Сравнение поска с Like и Полнотекстового поиска
```sql
hwdb=# INSERT INTO documents (title, metadata, contents)
VALUES
    ('Documentation Guide', 
     '{"author": "Maria", "tags": ["technical", "guide"]}',
     'This comprehensive documentation covers all aspects of the system.'),
    
    ('DOCUMENTS Storage', 
     '{"author": "Alex", "tags": ["storage", "management"]}',
     'All DOCUMENTS must be properly stored according to the retention policy.'),
    
    ('Document Processing', 
     '{"author": "Elena", "tags": ["workflow", "processing"]}',
     'The document processing workflow includes several verification steps.'),
    
    ('Documenting Procedures', 
     '{"author": "Carlos", "tags": ["procedures", "compliance"]}',
     'Documenting your procedures is essential for regulatory compliance.'),
    
    ('Doc Management', 
     '{"author": "Sam", "tags": ["management", "organization"]}',
     'Our doc management system simplifies organization of all your files.'),
    
    ('Документация API', 
     '{"author": "Ivan", "tags": ["api", "reference"]}',
     'Эта документация API содержит все необходимые сведения для разработчиков.'),
    
    ('Misspelled Documennt', 
     '{"author": "Typo King", "tags": ["errors", "typos"]}',
     'This documennt contains a deliberate typo in the word document.');
INSERT 0 7
```
Добавил ещё строк для сравнения разного вида поисков

```sql
hwdb=# SELECT title, contents FROM documents WHERE contents LIKE '%document%';
        title         |                               contents                                
----------------------+-----------------------------------------------------------------------
 Document 1           | This is a legal document about real estate.
 Document 5           | Contracts are binding legal documents.
 Documentation Guide  | This comprehensive documentation covers all aspects of the system.
 Document Processing  | The document processing workflow includes several verification steps.
 Misspelled Documennt | This documennt contains a deliberate typo in the word document.
(5 rows)
```
Выполнил простой поиск по шаблону, который нашел записи , содержащие слово "document". Недостатки:
- Медленно работает на больших объёмах данных
- Требует точного совпадения (с учётом регистра)
Для учета разных  словоформ (типа документы, документация и регистр) - можно использовать `ILIKE`


```sql
CREATE INDEX idx_documents_contents ON documents USING GIN(to_tsvector('english', contents));
SELECT * FROM documents WHERE to_tsvector('english', contents) @@ 'document';
```
Создал GIN-индекс на основе функции `to_tsvector`, которая преобразует текст в специальный формат для полнотекстового поиска с указанной культурой.
Используем оператор `@@` для поиска документов, содержащих слово "document" или его формы

Функция `to_tsvector` разбивает текст на лексемы, удаляет стоп-слова и приводит слова к их основной форме.

```sql
hwdb=# SELECT title, contents FROM documents WHERE to_tsvector('english', contents) @@ to_tsquery('english', 'document');
         title          |                                 contents                                 
------------------------+--------------------------------------------------------------------------
 Document 1             | This is a legal document about real estate.
 Document 5             | Contracts are binding legal documents.
 Documentation Guide    | This comprehensive documentation covers all aspects of the system.
 DOCUMENTS Storage      | All DOCUMENTS must be properly stored according to the retention policy.
 Document Processing    | The document processing workflow includes several verification steps.
 Documenting Procedures | Documenting your procedures is essential for regulatory compliance.
 Misspelled Documennt   | This documennt contains a deliberate typo in the word document.
(7 rows)
```
Выполнил полнотекстовый поиск: 
Запрос нашел:
- Все формы слова "document" (document, documents, documentation, documenting)
- Независимо от регистра (Document, DOCUMENTS)
- Не нашел слово на русском языке ("документация")
К стати, такой же результат выдал ILIKE но, на больших массивах данных он был бы не эффективен.

```sql
hwdb=# EXPLAIN SELECT * FROM documents WHERE to_tsvector('english', contents) @@ 'document';
                                          QUERY PLAN                                          
----------------------------------------------------------------------------------------------
 Bitmap Heap Scan on documents  (cost=12.02..16.54 rows=2 width=116)
   Recheck Cond: (to_tsvector('english'::regconfig, contents) @@ '''document'''::tsquery)
   ->  Bitmap Index Scan on idx_documents_contents  (cost=0.00..12.02 rows=2 width=0)
         Index Cond: (to_tsvector('english'::regconfig, contents) @@ '''document'''::tsquery)
(4 rows)
```
Вывел план выполнения и использованием индекса.  
Опять же, если включить возможность послед-го сканирования, postgres предпочтет его для небольшого набора данных, он будет работать быстрее: 
```sql
hwdb=# SET enable_seqscan = on;
SET
hwdb=# EXPLAIN SELECT * FROM documents WHERE to_tsvector('english', contents) @@ 'document';
                                     QUERY PLAN                                     
------------------------------------------------------------------------------------
 Seq Scan on documents  (cost=0.00..2.84 rows=2 width=116)
   Filter: (to_tsvector('english'::regconfig, contents) @@ '''document'''::tsquery)
(2 rows)
```

**Какие выводы могу сделать:**
Полнотекстовый поиск (Full Text Search) в PostgreSQL позволяет эффективно искать документы по их содержимому, учитывая морфологию языка, стоп-слова и другие лингвистические особенности. В отличие от простого поиска по шаблону (LIKE), полнотекстовый поиск работает быстрее на больших данных и даёт более точные результаты.
